2026-06-29 19:39:39 | INFO | BI | === RUN START ===
2026-06-29 19:39:39 | INFO | BI | project=BI
2026-06-29 19:39:39 | INFO | BI | repo_dir=bintel-02-mining
2026-06-29 19:39:39 | INFO | BI | python=3.14.0
2026-06-29 19:39:39 | INFO | BI | os=Windows 11
2026-06-29 19:39:39 | INFO | BI | shell=powershell
2026-06-29 19:39:39 | INFO | BI | cwd=.
2026-06-29 19:39:39 | INFO | BI | github_actions=False
2026-06-29 19:39:39 | INFO | BI | ========================
2026-06-29 19:39:39 | INFO | BI | START main()
2026-06-29 19:39:39 | INFO | BI | ========================
2026-06-29 19:39:39 | INFO | BI | Raw data:  = data\raw
2026-06-29 19:39:39 | INFO | BI | Customers: = data\raw\customers_data.csv
2026-06-29 19:39:39 | INFO | BI | Products:  = data\raw\products_data.csv
2026-06-29 19:39:39 | INFO | BI | Sales:     = data\raw\sales_data.csv
2026-06-29 19:39:39 | INFO | BI | CALL a function to load each dataset.............
2026-06-29 19:39:39 | INFO | BI | Loading customers from data\raw\customers_data.csv
2026-06-29 19:39:39 | INFO | BI | Loaded: 201 rows, 4 columns
2026-06-29 19:39:39 | INFO | BI | Loading products from data\raw\products_data.csv
2026-06-29 19:39:39 | INFO | BI | Loaded: 100 rows, 4 columns
2026-06-29 19:39:39 | INFO | BI | Loading sales from data\raw\sales_data.csv
2026-06-29 19:39:39 | INFO | BI | Loaded: 2001 rows, 7 columns
2026-06-29 19:39:39 | INFO | BI | CALL a function to inspect each dataset..........
2026-06-29 19:39:39 | INFO | BI | Inspecting customers
2026-06-29 19:39:39 | INFO | BI |   Columns: ['CustomerID', 'Name', 'Region', 'JoinDate']
2026-06-29 19:39:39 | INFO | BI |   Shape:   201 rows x 4 columns
2026-06-29 19:39:39 | DEBUG | BI | 
   CustomerID           Name   Region    JoinDate
0        1000   Robert Gomez     West  2024-02-25
1        1001     John Silva     East  2020-12-01
2        1002  Mark Marshall  Central  2020-08-08
3        1003  David Brennan    North  2020-05-21
4        1004  Kerry Collins    North  2023-09-12

2026-06-29 19:39:39 | INFO | BI | Inspecting products
2026-06-29 19:39:39 | INFO | BI |   Columns: ['ProductID', 'ProductName', 'Category', 'UnitPrice']
2026-06-29 19:39:39 | INFO | BI |   Shape:   100 rows x 4 columns
2026-06-29 19:39:39 | DEBUG | BI | 
   ProductID           ProductName     Category  UnitPrice
0       2000    Electronics-Signal  Electronics     969.31
1       2001     Electronics-Boost  Electronics     412.35
2       2002         Office-Family       Office     866.00
3       2003  Electronics-Training  Electronics     385.18
4       2004          Office-Where       Office     927.25

2026-06-29 19:39:39 | INFO | BI | Inspecting sales
2026-06-29 19:39:39 | INFO | BI |   Columns: ['TransactionID', 'SaleDate', 'CustomerID', 'ProductID', 'StoreID', 'CampaignID', 'SaleAmount']
2026-06-29 19:39:39 | INFO | BI |   Shape:   2001 rows x 7 columns
2026-06-29 19:39:39 | DEBUG | BI | 
   TransactionID    SaleDate  CustomerID  ProductID  StoreID  CampaignID SaleAmount
0              1  2025-05-04        1034       2059      402         0.0     2048.2
1              2  2025-05-04        1066       2048      403         1.0     321.87
2              3  2025-05-04        1116       2041      403         3.0    3216.84
3              4  2025-05-04        1071       2096      404         2.0    1613.23
4              5  2025-05-04        1020       2060      401         0.0     408.38

2026-06-29 19:39:39 | INFO | BI | CALL a function to check data quality of each dataset........
2026-06-29 19:39:39 | INFO | BI | Quality check: customers
2026-06-29 19:39:39 | INFO | BI |   Total missing values: 0
2026-06-29 19:39:39 | INFO | BI |   Duplicate rows: 1
2026-06-29 19:39:39 | WARNING | BI |   1 duplicate row(s) found - review before loading to warehouse
2026-06-29 19:39:39 | INFO | BI | Quality check: products
2026-06-29 19:39:39 | INFO | BI |   Total missing values: 0
2026-06-29 19:39:39 | INFO | BI |   Duplicate rows: 0
2026-06-29 19:39:39 | INFO | BI | Quality check: sales
2026-06-29 19:39:39 | INFO | BI |   Total missing values: 1
2026-06-29 19:39:39 | WARNING | BI |   Missing by column:
CampaignID    1
dtype: int64
2026-06-29 19:39:39 | INFO | BI |   Duplicate rows: 1
2026-06-29 19:39:39 | WARNING | BI |   1 duplicate row(s) found - review before loading to warehouse
2026-06-29 19:39:39 | INFO | BI | CALL a function to summarize numeric columns in each dataset........
2026-06-29 19:39:39 | INFO | BI | Numeric summary: customers
2026-06-29 19:39:39 | INFO | BI | 
       CustomerID
count      201.00
mean      1099.03
std         58.12
min       1000.00
25%       1049.00
50%       1099.00
75%       1149.00
max       1199.00
2026-06-29 19:39:39 | INFO | BI | Numeric summary: products
2026-06-29 19:39:39 | INFO | BI | 
       ProductID  UnitPrice
count     100.00     100.00
mean     2049.50     507.77
std        29.01     290.80
min      2000.00      13.51
25%      2024.75     255.53
50%      2049.50     496.39
75%      2074.25     771.28
max      2099.00     976.44
2026-06-29 19:39:39 | INFO | BI | Numeric summary: sales
2026-06-29 19:39:39 | INFO | BI | 
       TransactionID  CustomerID  ProductID  StoreID  CampaignID
count        2001.00     2001.00    2001.00  2001.00     2000.00
mean         1000.00     1103.90    2050.44   402.55        1.50
std           577.78      207.52      28.59     1.12        1.12
min             1.00     1000.00    2000.00   401.00        0.00
25%           500.00     1046.00    2025.00   402.00        0.00
50%          1000.00     1099.00    2051.00   403.00        2.00
75%          1500.00     1150.00    2076.00   404.00        2.00
max          2000.00     9999.00    2099.00   404.00        3.00
2026-06-29 19:39:39 | INFO | BI | CALL a function to plot price distribution........
2026-06-29 19:39:39 | INFO | BI | Plotting price distribution
2026-06-29 19:39:40 | INFO | BI | Price distribution chart created
2026-06-29 19:39:40 | INFO | BI | CALL a function to plot sales trend over time........
2026-06-29 19:39:40 | INFO | BI | Plotting sales trend over time
2026-06-29 19:39:40 | INFO | BI | Creating chart: Total Sales by Month
2026-06-29 19:39:40 | INFO | BI | Sales trend chart created
2026-06-29 19:39:40 | INFO | BI | CALL a function to summarize the datasets........
2026-06-29 19:39:40 | INFO | BI | ========================
2026-06-29 19:39:40 | INFO | BI | SUMMARY
2026-06-29 19:39:40 | INFO | BI | ========================
2026-06-29 19:39:40 | INFO | BI | Customers:  201 rows, 4 columns
2026-06-29 19:39:40 | INFO | BI | Products:   100 rows, 4 columns
2026-06-29 19:39:40 | INFO | BI | Sales:      2001 rows, 7 columns
2026-06-29 19:39:40 | INFO | BI | ========================
2026-06-29 19:39:40 | INFO | BI | ANALYST NOTES:
2026-06-29 19:39:40 | INFO | BI | Any inconsistent data should be reviewed later.
2026-06-29 19:39:40 | INFO | BI | Any duplicate rows should be reviewed later.
2026-06-29 19:39:40 | INFO | BI | Cleaning and data preparation will be done in a later module.
2026-06-29 19:39:40 | INFO | BI | ========================
2026-06-29 19:39:40 | INFO | BI | CALL a function to show charts........
2026-06-29 19:47:10 | INFO | BI | Workflow complete
2026-06-29 19:47:10 | INFO | BI | CLOSE chart windows to continue.
2026-06-29 19:47:10 | INFO | BI | Terminate this process with CTRL+c as needed.
2026-06-29 19:47:10 | INFO | BI | ========================
2026-06-29 19:47:10 | INFO | BI | Executed successfully!
2026-06-29 19:47:10 | INFO | BI | ========================
2026-06-29 19:47:14 | INFO | BI | === RUN START ===
2026-06-29 19:47:14 | INFO | BI | project=BI
2026-06-29 19:47:14 | INFO | BI | repo_dir=bintel-02-mining
2026-06-29 19:47:14 | INFO | BI | python=3.14.0
2026-06-29 19:47:14 | INFO | BI | os=Windows 11
2026-06-29 19:47:14 | INFO | BI | shell=powershell
2026-06-29 19:47:14 | INFO | BI | cwd=.
2026-06-29 19:47:14 | INFO | BI | github_actions=False
2026-06-29 19:47:14 | INFO | BI | ========================
2026-06-29 19:47:14 | INFO | BI | START main()
2026-06-29 19:47:14 | INFO | BI | ========================
2026-06-29 19:47:14 | INFO | BI | Raw data:  = data\raw
2026-06-29 19:47:14 | INFO | BI | Customers: = data\raw\customers_data.csv
2026-06-29 19:47:14 | INFO | BI | Products:  = data\raw\products_data.csv
2026-06-29 19:47:14 | INFO | BI | Sales:     = data\raw\sales_data.csv
2026-06-29 19:47:14 | INFO | BI | CALL a function to load each dataset.............
2026-06-29 19:47:14 | INFO | BI | Loading customers from data\raw\customers_data.csv
2026-06-29 19:47:14 | INFO | BI | Loaded: 201 rows, 4 columns
2026-06-29 19:47:14 | INFO | BI | Loading products from data\raw\products_data.csv
2026-06-29 19:47:14 | INFO | BI | Loaded: 100 rows, 4 columns
2026-06-29 19:47:14 | INFO | BI | Loading sales from data\raw\sales_data.csv
2026-06-29 19:47:14 | INFO | BI | Loaded: 2400 rows, 7 columns
2026-06-29 19:47:14 | INFO | BI | CALL a function to inspect each dataset..........
2026-06-29 19:47:14 | INFO | BI | Inspecting customers
2026-06-29 19:47:14 | INFO | BI |   Columns: ['CustomerID', 'Name', 'Region', 'JoinDate']
2026-06-29 19:47:14 | INFO | BI |   Shape:   201 rows x 4 columns
2026-06-29 19:47:14 | DEBUG | BI | 
   CustomerID           Name   Region    JoinDate
0        1000   Robert Gomez     West  2024-02-25
1        1001     John Silva     East  2020-12-01
2        1002  Mark Marshall  Central  2020-08-08
3        1003  David Brennan    North  2020-05-21
4        1004  Kerry Collins    North  2023-09-12

2026-06-29 19:47:14 | INFO | BI | Inspecting products
2026-06-29 19:47:14 | INFO | BI |   Columns: ['ProductID', 'ProductName', 'Category', 'UnitPrice']
2026-06-29 19:47:14 | INFO | BI |   Shape:   100 rows x 4 columns
2026-06-29 19:47:14 | DEBUG | BI | 
   ProductID           ProductName     Category  UnitPrice
0       2000    Electronics-Signal  Electronics     969.31
1       2001     Electronics-Boost  Electronics     412.35
2       2002         Office-Family       Office     866.00
3       2003  Electronics-Training  Electronics     385.18
4       2004          Office-Where       Office     927.25

2026-06-29 19:47:14 | INFO | BI | Inspecting sales
2026-06-29 19:47:14 | INFO | BI |   Columns: ['TransactionID', 'SaleDate', 'CustomerID', 'ProductID', 'StoreID', 'CampaignID', 'SaleAmount']
2026-06-29 19:47:14 | INFO | BI |   Shape:   2400 rows x 7 columns
2026-06-29 19:47:14 | DEBUG | BI | 
   TransactionID    SaleDate  CustomerID  ProductID  StoreID  CampaignID SaleAmount
0              1  2025-01-09        1020       2023      401         0.0     643.02
1              2  2024-07-10        1034       2091      404         2.0     529.24
2              3  2025-03-22        1087       2035      403         3.0    4313.72
3              4  2024-12-27        1186       2015      404         NaN    1275.85
4              5  2025-04-21        1049       2005      402         0.0    1739.64

2026-06-29 19:47:14 | INFO | BI | CALL a function to check data quality of each dataset........
2026-06-29 19:47:14 | INFO | BI | Quality check: customers
2026-06-29 19:47:14 | INFO | BI |   Total missing values: 0
2026-06-29 19:47:14 | INFO | BI |   Duplicate rows: 1
2026-06-29 19:47:14 | WARNING | BI |   1 duplicate row(s) found - review before loading to warehouse
2026-06-29 19:47:14 | INFO | BI | Quality check: products
2026-06-29 19:47:14 | INFO | BI |   Total missing values: 0
2026-06-29 19:47:14 | INFO | BI |   Duplicate rows: 0
2026-06-29 19:47:14 | INFO | BI | Quality check: sales
2026-06-29 19:47:14 | INFO | BI |   Total missing values: 193
2026-06-29 19:47:14 | WARNING | BI |   Missing by column:
CampaignID    193
dtype: int64
2026-06-29 19:47:14 | INFO | BI |   Duplicate rows: 0
2026-06-29 19:47:14 | INFO | BI | CALL a function to summarize numeric columns in each dataset........
2026-06-29 19:47:14 | INFO | BI | Numeric summary: customers
2026-06-29 19:47:14 | INFO | BI | 
       CustomerID
count      201.00
mean      1099.03
std         58.12
min       1000.00
25%       1049.00
50%       1099.00
75%       1149.00
max       1199.00
2026-06-29 19:47:14 | INFO | BI | Numeric summary: products
2026-06-29 19:47:14 | INFO | BI | 
       ProductID  UnitPrice
count     100.00     100.00
mean     2049.50     507.77
std        29.01     290.80
min      2000.00      13.51
25%      2024.75     255.53
50%      2049.50     496.39
75%      2074.25     771.28
max      2099.00     976.44
2026-06-29 19:47:14 | INFO | BI | Numeric summary: sales
2026-06-29 19:47:14 | INFO | BI | 
       TransactionID  CustomerID  ProductID  StoreID  CampaignID
count        2400.00     2400.00    2400.00  2400.00     2207.00
mean         1200.50     1086.75    2049.07   402.53        1.46
std           692.96       57.32      28.67     1.13        1.12
min             1.00     1000.00    2000.00   401.00        0.00
25%           600.75     1034.00    2023.00   402.00        0.00
50%          1200.50     1079.00    2046.00   403.00        1.00
75%          1800.25     1132.00    2074.00   404.00        2.00
max          2400.00     1199.00    2099.00   404.00        3.00
2026-06-29 19:47:14 | INFO | BI | CALL a function to plot price distribution........
2026-06-29 19:47:14 | INFO | BI | Plotting price distribution
2026-06-29 19:47:14 | INFO | BI | Price distribution chart created
2026-06-29 19:47:14 | INFO | BI | CALL a function to plot sales trend over time........
2026-06-29 19:47:14 | INFO | BI | Plotting sales trend over time
2026-06-29 19:47:14 | INFO | BI | Creating chart: Total Sales by Month
2026-06-29 19:47:14 | INFO | BI | Sales trend chart created
2026-06-29 19:47:14 | INFO | BI | CALL a function to summarize the datasets........
2026-06-29 19:47:14 | INFO | BI | ========================
2026-06-29 19:47:14 | INFO | BI | SUMMARY
2026-06-29 19:47:14 | INFO | BI | ========================
2026-06-29 19:47:14 | INFO | BI | Customers:  201 rows, 4 columns
2026-06-29 19:47:14 | INFO | BI | Products:   100 rows, 4 columns
2026-06-29 19:47:14 | INFO | BI | Sales:      2400 rows, 7 columns
2026-06-29 19:47:14 | INFO | BI | ========================
2026-06-29 19:47:14 | INFO | BI | ANALYST NOTES:
2026-06-29 19:47:14 | INFO | BI | Any inconsistent data should be reviewed later.
2026-06-29 19:47:14 | INFO | BI | Any duplicate rows should be reviewed later.
2026-06-29 19:47:14 | INFO | BI | Cleaning and data preparation will be done in a later module.
2026-06-29 19:47:14 | INFO | BI | ========================
2026-06-29 19:47:14 | INFO | BI | CALL a function to show charts........
2026-06-29 19:47:25 | INFO | BI | Workflow complete
2026-06-29 19:47:25 | INFO | BI | CLOSE chart windows to continue.
2026-06-29 19:47:25 | INFO | BI | Terminate this process with CTRL+c as needed.
2026-06-29 19:47:25 | INFO | BI | ========================
2026-06-29 19:47:25 | INFO | BI | Executed successfully!
2026-06-29 19:47:25 | INFO | BI | ========================
2026-06-29 19:47:45 | INFO | BI | === RUN START ===
2026-06-29 19:47:45 | INFO | BI | project=BI
2026-06-29 19:47:45 | INFO | BI | repo_dir=bintel-02-mining
2026-06-29 19:47:45 | INFO | BI | python=3.14.0
2026-06-29 19:47:45 | INFO | BI | os=Windows 11
2026-06-29 19:47:45 | INFO | BI | shell=powershell
2026-06-29 19:47:45 | INFO | BI | cwd=.
2026-06-29 19:47:45 | INFO | BI | github_actions=False
2026-06-29 19:47:45 | INFO | BI | ========================
2026-06-29 19:47:45 | INFO | BI | START main()
2026-06-29 19:47:45 | INFO | BI | ========================
2026-06-29 19:47:45 | INFO | BI | Raw data:  = data\raw
2026-06-29 19:47:45 | INFO | BI | Customers: = data\raw\customers_data.csv
2026-06-29 19:47:45 | INFO | BI | Products:  = data\raw\products_data.csv
2026-06-29 19:47:45 | INFO | BI | Sales:     = data\raw\sales_data.csv
2026-06-29 19:47:45 | INFO | BI | CALL a function to load each dataset.............
2026-06-29 19:47:45 | INFO | BI | Loading customers from data\raw\customers_data.csv
2026-06-29 19:47:45 | INFO | BI | Loaded: 201 rows, 4 columns
2026-06-29 19:47:45 | INFO | BI | Loading products from data\raw\products_data.csv
2026-06-29 19:47:45 | INFO | BI | Loaded: 100 rows, 4 columns
2026-06-29 19:47:45 | INFO | BI | Loading sales from data\raw\sales_data.csv
2026-06-29 19:47:45 | INFO | BI | Loaded: 2400 rows, 7 columns
2026-06-29 19:47:45 | INFO | BI | CALL a function to inspect each dataset..........
2026-06-29 19:47:45 | INFO | BI | Inspecting customers
2026-06-29 19:47:45 | INFO | BI |   Columns: ['CustomerID', 'Name', 'Region', 'JoinDate']
2026-06-29 19:47:45 | INFO | BI |   Shape:   201 rows x 4 columns
2026-06-29 19:47:45 | DEBUG | BI | 
   CustomerID           Name   Region    JoinDate
0        1000   Robert Gomez     West  2024-02-25
1        1001     John Silva     East  2020-12-01
2        1002  Mark Marshall  Central  2020-08-08
3        1003  David Brennan    North  2020-05-21
4        1004  Kerry Collins    North  2023-09-12

2026-06-29 19:47:45 | INFO | BI | Inspecting products
2026-06-29 19:47:45 | INFO | BI |   Columns: ['ProductID', 'ProductName', 'Category', 'UnitPrice']
2026-06-29 19:47:45 | INFO | BI |   Shape:   100 rows x 4 columns
2026-06-29 19:47:45 | DEBUG | BI | 
   ProductID           ProductName     Category  UnitPrice
0       2000    Electronics-Signal  Electronics     969.31
1       2001     Electronics-Boost  Electronics     412.35
2       2002         Office-Family       Office     866.00
3       2003  Electronics-Training  Electronics     385.18
4       2004          Office-Where       Office     927.25

2026-06-29 19:47:45 | INFO | BI | Inspecting sales
2026-06-29 19:47:45 | INFO | BI |   Columns: ['TransactionID', 'SaleDate', 'CustomerID', 'ProductID', 'StoreID', 'CampaignID', 'SaleAmount']
2026-06-29 19:47:45 | INFO | BI |   Shape:   2400 rows x 7 columns
2026-06-29 19:47:45 | DEBUG | BI | 
   TransactionID    SaleDate  CustomerID  ProductID  StoreID  CampaignID SaleAmount
0              1  2025-01-09        1020       2023      401         0.0     643.02
1              2  2024-07-10        1034       2091      404         2.0     529.24
2              3  2025-03-22        1087       2035      403         3.0    4313.72
3              4  2024-12-27        1186       2015      404         NaN    1275.85
4              5  2025-04-21        1049       2005      402         0.0    1739.64

2026-06-29 19:47:45 | INFO | BI | CALL a function to check data quality of each dataset........
2026-06-29 19:47:45 | INFO | BI | Quality check: customers
2026-06-29 19:47:45 | INFO | BI |   Total missing values: 0
2026-06-29 19:47:45 | INFO | BI |   Duplicate rows: 1
2026-06-29 19:47:45 | WARNING | BI |   1 duplicate row(s) found - review before loading to warehouse
2026-06-29 19:47:45 | INFO | BI | Quality check: products
2026-06-29 19:47:45 | INFO | BI |   Total missing values: 0
2026-06-29 19:47:45 | INFO | BI |   Duplicate rows: 0
2026-06-29 19:47:45 | INFO | BI | Quality check: sales
2026-06-29 19:47:45 | INFO | BI |   Total missing values: 193
2026-06-29 19:47:45 | WARNING | BI |   Missing by column:
CampaignID    193
dtype: int64
2026-06-29 19:47:45 | INFO | BI |   Duplicate rows: 0
2026-06-29 19:47:45 | INFO | BI | CALL a function to summarize numeric columns in each dataset........
2026-06-29 19:47:45 | INFO | BI | Numeric summary: customers
2026-06-29 19:47:45 | INFO | BI | 
       CustomerID
count      201.00
mean      1099.03
std         58.12
min       1000.00
25%       1049.00
50%       1099.00
75%       1149.00
max       1199.00
2026-06-29 19:47:45 | INFO | BI | Numeric summary: products
2026-06-29 19:47:45 | INFO | BI | 
       ProductID  UnitPrice
count     100.00     100.00
mean     2049.50     507.77
std        29.01     290.80
min      2000.00      13.51
25%      2024.75     255.53
50%      2049.50     496.39
75%      2074.25     771.28
max      2099.00     976.44
2026-06-29 19:47:45 | INFO | BI | Numeric summary: sales
2026-06-29 19:47:45 | INFO | BI | 
       TransactionID  CustomerID  ProductID  StoreID  CampaignID
count        2400.00     2400.00    2400.00  2400.00     2207.00
mean         1200.50     1086.75    2049.07   402.53        1.46
std           692.96       57.32      28.67     1.13        1.12
min             1.00     1000.00    2000.00   401.00        0.00
25%           600.75     1034.00    2023.00   402.00        0.00
50%          1200.50     1079.00    2046.00   403.00        1.00
75%          1800.25     1132.00    2074.00   404.00        2.00
max          2400.00     1199.00    2099.00   404.00        3.00
2026-06-29 19:47:45 | INFO | BI | CALL a function to plot price distribution........
2026-06-29 19:47:45 | INFO | BI | Plotting price distribution
2026-06-29 19:47:46 | INFO | BI | Price distribution chart created
2026-06-29 19:47:46 | INFO | BI | CALL a function to plot sales trend over time........
2026-06-29 19:47:46 | INFO | BI | Plotting sales trend over time
2026-06-29 19:47:46 | INFO | BI | Creating chart: Total Sales by Month
2026-06-29 19:47:46 | INFO | BI | Sales trend chart created
2026-06-29 19:47:46 | INFO | BI | CALL a function to summarize the datasets........
2026-06-29 19:47:46 | INFO | BI | ========================
2026-06-29 19:47:46 | INFO | BI | SUMMARY
2026-06-29 19:47:46 | INFO | BI | ========================
2026-06-29 19:47:46 | INFO | BI | Customers:  201 rows, 4 columns
2026-06-29 19:47:46 | INFO | BI | Products:   100 rows, 4 columns
2026-06-29 19:47:46 | INFO | BI | Sales:      2400 rows, 7 columns
2026-06-29 19:47:46 | INFO | BI | ========================
2026-06-29 19:47:46 | INFO | BI | ANALYST NOTES:
2026-06-29 19:47:46 | INFO | BI | Any inconsistent data should be reviewed later.
2026-06-29 19:47:46 | INFO | BI | Any duplicate rows should be reviewed later.
2026-06-29 19:47:46 | INFO | BI | Cleaning and data preparation will be done in a later module.
2026-06-29 19:47:46 | INFO | BI | ========================
2026-06-29 19:47:46 | INFO | BI | CALL a function to show charts........
2026-06-29 20:00:44 | INFO | BI | Workflow complete
2026-06-29 20:00:44 | INFO | BI | CLOSE chart windows to continue.
2026-06-29 20:00:44 | INFO | BI | Terminate this process with CTRL+c as needed.
2026-06-29 20:00:44 | INFO | BI | ========================
2026-06-29 20:00:44 | INFO | BI | Executed successfully!
2026-06-29 20:00:44 | INFO | BI | ========================
2026-06-29 20:00:53 | INFO | BI | === RUN START ===
2026-06-29 20:00:53 | INFO | BI | project=BI
2026-06-29 20:00:53 | INFO | BI | repo_dir=bintel-02-mining
2026-06-29 20:00:53 | INFO | BI | python=3.14.0
2026-06-29 20:00:53 | INFO | BI | os=Windows 11
2026-06-29 20:00:53 | INFO | BI | shell=powershell
2026-06-29 20:00:53 | INFO | BI | cwd=.
2026-06-29 20:00:53 | INFO | BI | github_actions=False
2026-06-29 20:00:53 | INFO | BI | ========================
2026-06-29 20:00:53 | INFO | BI | START main()
2026-06-29 20:00:53 | INFO | BI | ========================
2026-06-29 20:00:53 | INFO | BI | Raw data:  = data\raw
2026-06-29 20:00:53 | INFO | BI | Customers: = data\raw\customers_data.csv
2026-06-29 20:00:53 | INFO | BI | Products:  = data\raw\products_data.csv
2026-06-29 20:00:53 | INFO | BI | Sales:     = data\raw\sales_data.csv
2026-06-29 20:00:53 | INFO | BI | CALL a function to load each dataset.............
2026-06-29 20:00:53 | INFO | BI | Loading customers from data\raw\customers_data.csv
2026-06-29 20:00:53 | INFO | BI | Loaded: 201 rows, 4 columns
2026-06-29 20:00:53 | INFO | BI | Loading products from data\raw\products_data.csv
2026-06-29 20:00:53 | INFO | BI | Loaded: 100 rows, 4 columns
2026-06-29 20:00:53 | INFO | BI | Loading sales from data\raw\sales_data.csv
2026-06-29 20:00:53 | INFO | BI | Loaded: 2400 rows, 7 columns
2026-06-29 20:00:53 | INFO | BI | CALL a function to get sales by region........
2026-06-29 20:00:53 | INFO | BI | Aggregating sales by region
2026-06-29 20:00:53 | INFO | BI |   Top region: East ($1,234,686.51)
2026-06-29 20:00:53 | INFO | BI | Returning DataFrame with total sales by region
2026-06-29 20:00:53 | INFO | BI | CALL a function to plot sales by region........
2026-06-29 20:00:53 | INFO | BI | Creating chart: Total Sales by Region
2026-06-29 20:00:53 | INFO | BI | CALL a function to get sales by product category........
2026-06-29 20:00:53 | INFO | BI | Aggregating sales by product category
2026-06-29 20:00:53 | INFO | BI |   Top category: Office ($1,420,376.39)
2026-06-29 20:00:53 | INFO | BI | CALL a function to plot sales by product category........
2026-06-29 20:00:53 | INFO | BI | Creating chart: Total Sales by Product Category
2026-06-29 20:00:53 | INFO | BI | CALL a function to summarize the datasets........
2026-06-29 20:00:53 | INFO | BI | ========================
2026-06-29 20:00:53 | INFO | BI | SUMMARY
2026-06-29 20:00:53 | INFO | BI | ========================
2026-06-29 20:00:53 | INFO | BI | Customers:  201 rows, 4 columns
2026-06-29 20:00:53 | INFO | BI | Products:   100 rows, 4 columns
2026-06-29 20:00:53 | INFO | BI | Sales:      2400 rows, 7 columns
2026-06-29 20:00:53 | INFO | BI | ========================
2026-06-29 20:00:53 | INFO | BI | ANALYST NOTES:
2026-06-29 20:00:53 | INFO | BI | Note any data quality issues.
2026-06-29 20:00:53 | INFO | BI | We will clean data later.
2026-06-29 20:00:53 | INFO | BI | ========================
2026-06-29 20:00:53 | INFO | BI | CALL a function to show charts........
2026-06-29 20:01:48 | INFO | BI | Workflow complete
2026-06-29 20:01:48 | INFO | BI | CLOSE chart windows to continue.
2026-06-29 20:01:48 | INFO | BI | Terminate this process with CTRL+c as needed.
2026-06-29 20:01:48 | INFO | BI | ========================
2026-06-29 20:01:48 | INFO | BI | Executed successfully!
2026-06-29 20:01:48 | INFO | BI | ========================
2026-06-29 20:01:52 | INFO | BI | === RUN START ===
2026-06-29 20:01:52 | INFO | BI | project=BI
2026-06-29 20:01:52 | INFO | BI | repo_dir=bintel-02-mining
2026-06-29 20:01:52 | INFO | BI | python=3.14.0
2026-06-29 20:01:52 | INFO | BI | os=Windows 11
2026-06-29 20:01:52 | INFO | BI | shell=powershell
2026-06-29 20:01:52 | INFO | BI | cwd=.
2026-06-29 20:01:52 | INFO | BI | github_actions=False
2026-06-29 20:01:52 | INFO | BI | ========================
2026-06-29 20:01:52 | INFO | BI | START main()
2026-06-29 20:01:52 | INFO | BI | ========================
2026-06-29 20:01:52 | INFO | BI | Raw data:  = data\raw
2026-06-29 20:01:52 | INFO | BI | Customers: = data\raw\customers_data.csv
2026-06-29 20:01:52 | INFO | BI | Products:  = data\raw\products_data.csv
2026-06-29 20:01:52 | INFO | BI | Sales:     = data\raw\sales_data.csv
2026-06-29 20:01:52 | INFO | BI | CALL a function to load each dataset.............
2026-06-29 20:01:52 | INFO | BI | Loading customers from data\raw\customers_data.csv
2026-06-29 20:01:52 | INFO | BI | Loaded: 201 rows, 4 columns
2026-06-29 20:01:52 | INFO | BI | Loading products from data\raw\products_data.csv
2026-06-29 20:01:52 | INFO | BI | Loaded: 100 rows, 4 columns
2026-06-29 20:01:52 | INFO | BI | Loading sales from data\raw\sales_data.csv
2026-06-29 20:01:52 | INFO | BI | Loaded: 2400 rows, 7 columns
2026-06-29 20:01:52 | INFO | BI | CALL a function to inspect each dataset..........
2026-06-29 20:01:52 | INFO | BI | Inspecting customers
2026-06-29 20:01:52 | INFO | BI |   Columns: ['CustomerID', 'Name', 'Region', 'JoinDate']
2026-06-29 20:01:52 | INFO | BI |   Shape:   201 rows x 4 columns
2026-06-29 20:01:52 | DEBUG | BI | 
   CustomerID           Name   Region    JoinDate
0        1000   Robert Gomez     West  2024-02-25
1        1001     John Silva     East  2020-12-01
2        1002  Mark Marshall  Central  2020-08-08
3        1003  David Brennan    North  2020-05-21
4        1004  Kerry Collins    North  2023-09-12

2026-06-29 20:01:52 | INFO | BI | Inspecting products
2026-06-29 20:01:52 | INFO | BI |   Columns: ['ProductID', 'ProductName', 'Category', 'UnitPrice']
2026-06-29 20:01:52 | INFO | BI |   Shape:   100 rows x 4 columns
2026-06-29 20:01:52 | DEBUG | BI | 
   ProductID           ProductName     Category  UnitPrice
0       2000    Electronics-Signal  Electronics     969.31
1       2001     Electronics-Boost  Electronics     412.35
2       2002         Office-Family       Office     866.00
3       2003  Electronics-Training  Electronics     385.18
4       2004          Office-Where       Office     927.25

2026-06-29 20:01:52 | INFO | BI | Inspecting sales
2026-06-29 20:01:52 | INFO | BI |   Columns: ['TransactionID', 'SaleDate', 'CustomerID', 'ProductID', 'StoreID', 'CampaignID', 'SaleAmount']
2026-06-29 20:01:52 | INFO | BI |   Shape:   2400 rows x 7 columns
2026-06-29 20:01:52 | DEBUG | BI | 
   TransactionID    SaleDate  CustomerID  ProductID  StoreID  CampaignID SaleAmount
0              1  2025-01-09        1020       2023      401         0.0     643.02
1              2  2024-07-10        1034       2091      404         2.0     529.24
2              3  2025-03-22        1087       2035      403         3.0    4313.72
3              4  2024-12-27        1186       2015      404         NaN    1275.85
4              5  2025-04-21        1049       2005      402         0.0    1739.64

2026-06-29 20:01:52 | INFO | BI | CALL a function to check data quality of each dataset........
2026-06-29 20:01:52 | INFO | BI | Quality check: customers
2026-06-29 20:01:52 | INFO | BI |   Total missing values: 0
2026-06-29 20:01:52 | INFO | BI |   Duplicate rows: 1
2026-06-29 20:01:52 | WARNING | BI |   1 duplicate row(s) found - review before loading to warehouse
2026-06-29 20:01:52 | INFO | BI | Quality check: products
2026-06-29 20:01:52 | INFO | BI |   Total missing values: 0
2026-06-29 20:01:52 | INFO | BI |   Duplicate rows: 0
2026-06-29 20:01:52 | INFO | BI | Quality check: sales
2026-06-29 20:01:52 | INFO | BI |   Total missing values: 193
2026-06-29 20:01:52 | WARNING | BI |   Missing by column:
CampaignID    193
dtype: int64
2026-06-29 20:01:52 | INFO | BI |   Duplicate rows: 0
2026-06-29 20:01:52 | INFO | BI | CALL a function to summarize numeric columns in each dataset........
2026-06-29 20:01:52 | INFO | BI | Numeric summary: customers
2026-06-29 20:01:52 | INFO | BI | 
       CustomerID
count      201.00
mean      1099.03
std         58.12
min       1000.00
25%       1049.00
50%       1099.00
75%       1149.00
max       1199.00
2026-06-29 20:01:52 | INFO | BI | Numeric summary: products
2026-06-29 20:01:52 | INFO | BI | 
       ProductID  UnitPrice
count     100.00     100.00
mean     2049.50     507.77
std        29.01     290.80
min      2000.00      13.51
25%      2024.75     255.53
50%      2049.50     496.39
75%      2074.25     771.28
max      2099.00     976.44
2026-06-29 20:01:52 | INFO | BI | Numeric summary: sales
2026-06-29 20:01:52 | INFO | BI | 
       TransactionID  CustomerID  ProductID  StoreID  CampaignID
count        2400.00     2400.00    2400.00  2400.00     2207.00
mean         1200.50     1086.75    2049.07   402.53        1.46
std           692.96       57.32      28.67     1.13        1.12
min             1.00     1000.00    2000.00   401.00        0.00
25%           600.75     1034.00    2023.00   402.00        0.00
50%          1200.50     1079.00    2046.00   403.00        1.00
75%          1800.25     1132.00    2074.00   404.00        2.00
max          2400.00     1199.00    2099.00   404.00        3.00
2026-06-29 20:01:52 | INFO | BI | CALL a function to plot price distribution........
2026-06-29 20:01:52 | INFO | BI | Plotting price distribution
2026-06-29 20:01:52 | INFO | BI | Price distribution chart created
2026-06-29 20:01:52 | INFO | BI | CALL a function to plot sales trend over time........
2026-06-29 20:01:52 | INFO | BI | Plotting sales trend over time
2026-06-29 20:01:52 | INFO | BI | Creating chart: Total Sales by Month
2026-06-29 20:01:52 | INFO | BI | Sales trend chart created
2026-06-29 20:01:52 | INFO | BI | CALL a function to summarize the datasets........
2026-06-29 20:01:52 | INFO | BI | ========================
2026-06-29 20:01:52 | INFO | BI | SUMMARY
2026-06-29 20:01:52 | INFO | BI | ========================
2026-06-29 20:01:52 | INFO | BI | Customers:  201 rows, 4 columns
2026-06-29 20:01:52 | INFO | BI | Products:   100 rows, 4 columns
2026-06-29 20:01:52 | INFO | BI | Sales:      2400 rows, 7 columns
2026-06-29 20:01:52 | INFO | BI | ========================
2026-06-29 20:01:52 | INFO | BI | ANALYST NOTES:
2026-06-29 20:01:52 | INFO | BI | Any inconsistent data should be reviewed later.
2026-06-29 20:01:52 | INFO | BI | Any duplicate rows should be reviewed later.
2026-06-29 20:01:52 | INFO | BI | Cleaning and data preparation will be done in a later module.
2026-06-29 20:01:52 | INFO | BI | ========================
2026-06-29 20:01:52 | INFO | BI | CALL a function to show charts........
2026-06-29 20:03:02 | INFO | BI | Workflow complete
2026-06-29 20:03:02 | INFO | BI | CLOSE chart windows to continue.
2026-06-29 20:03:02 | INFO | BI | Terminate this process with CTRL+c as needed.
2026-06-29 20:03:02 | INFO | BI | ========================
2026-06-29 20:03:02 | INFO | BI | Executed successfully!
2026-06-29 20:03:02 | INFO | BI | ========================
